2019-05-27 08:36:56,635 [Worker-4] INFO  o.e.m.c.i.embedder.EclipseLogger - Using 'UTF-8' encoding to copy filtered resources.
2019-05-27 08:36:56,654 [Worker-4] INFO  o.e.m.c.i.embedder.EclipseLogger - skip non existing resourceDirectory /Users/wuduan/server/modules/emm-core/src/main/resources
2019-05-27 08:36:56,654 [Worker-4] INFO  o.e.m.c.i.embedder.EclipseLogger - skip non existing resourceDirectory /Users/wuduan/server/modules/emm-core/src/main/resources
2019-05-27 08:36:56,659 [Worker-4] INFO  o.e.m.c.i.embedder.EclipseLogger - Using 'UTF-8' encoding to copy filtered resources.
2019-05-27 08:36:56,660 [Worker-4] INFO  o.e.m.c.i.embedder.EclipseLogger - skip non existing resourceDirectory /Users/wuduan/server/modules/emm-core/src/test/resources
2019-05-27 08:37:02,537 [Worker-4] INFO  o.e.m.c.i.embedder.EclipseLogger - Using 'UTF-8' encoding to copy filtered resources.
2019-05-27 08:37:02,564 [Worker-4] INFO  o.e.m.c.i.embedder.EclipseLogger - Copying 2 resources
2019-05-27 08:37:02,622 [Worker-4] INFO  o.e.m.c.i.embedder.EclipseLogger - Copying 595 resources
2019-05-27 08:37:02,657 [Worker-4] INFO  o.e.m.c.i.embedder.EclipseLogger - Using 'UTF-8' encoding to copy filtered resources.
2019-05-27 08:37:02,666 [Worker-4] INFO  o.e.m.c.i.embedder.EclipseLogger - skip non existing resourceDirectory /Users/wuduan/server/emm-ui/src/test/resources
2019-05-27 08:37:06,056 [Worker-7] INFO  o.e.m.c.i.embedder.EclipseLogger - Using 'UTF-8' encoding to copy filtered resources.
2019-05-27 08:37:06,063 [Worker-7] INFO  o.e.m.c.i.embedder.EclipseLogger - skip non existing resourceDirectory /Users/wuduan/server/modules/emm-user/src/main/resources
2019-05-27 08:37:06,063 [Worker-7] INFO  o.e.m.c.i.embedder.EclipseLogger - skip non existing resourceDirectory /Users/wuduan/server/modules/emm-user/src/main/resources
2019-05-27 08:37:06,066 [Worker-7] INFO  o.e.m.c.i.embedder.EclipseLogger - Using 'UTF-8' encoding to copy filtered resources.
2019-05-27 08:37:06,067 [Worker-7] INFO  o.e.m.c.i.embedder.EclipseLogger - skip non existing resourceDirectory /Users/wuduan/server/modules/emm-user/src/test/resources
2019-05-27 08:37:07,564 [Worker-7] WARN  o.e.m.c.i.embedder.EclipseLogger - The POM for com.dacas.enterprise:push-server-sdk:jar:1.0 is missing, no dependency information available
2019-05-27 08:37:07,844 [Worker-7] INFO  o.e.m.c.i.embedder.EclipseLogger - Using 'UTF-8' encoding to copy filtered resources.
2019-05-27 08:37:07,845 [Worker-7] INFO  o.e.m.c.i.embedder.EclipseLogger - Copying 2 resources
2019-05-27 08:37:07,853 [Worker-7] INFO  o.e.m.c.i.embedder.EclipseLogger - Copying 2 resources
2019-05-27 08:37:07,857 [Worker-7] INFO  o.e.m.c.i.embedder.EclipseLogger - Using 'UTF-8' encoding to copy filtered resources.
2019-05-27 08:37:07,857 [Worker-7] INFO  o.e.m.c.i.embedder.EclipseLogger - skip non existing resourceDirectory /Users/wuduan/server/emm-microservice/src/test/resources
2019-05-27 08:37:09,090 [Worker-7] INFO  o.e.m.c.i.embedder.EclipseLogger - Using 'UTF-8' encoding to copy filtered resources.
2019-05-27 08:37:09,093 [Worker-7] INFO  o.e.m.c.i.embedder.EclipseLogger - Copying 2 resources
2019-05-27 08:37:09,101 [Worker-7] INFO  o.e.m.c.i.embedder.EclipseLogger - Copying 4 resources
2019-05-27 08:37:09,105 [Worker-7] INFO  o.e.m.c.i.embedder.EclipseLogger - Using 'UTF-8' encoding to copy filtered resources.
2019-05-27 08:37:09,105 [Worker-7] INFO  o.e.m.c.i.embedder.EclipseLogger - skip non existing resourceDirectory /Users/wuduan/server/emm-auth-server/src/test/resources
2019-05-27 08:37:13,500 [Worker-7] INFO  o.e.m.c.i.embedder.EclipseLogger - Using 'UTF-8' encoding to copy filtered resources.
2019-05-27 08:37:13,502 [Worker-7] INFO  o.e.m.c.i.embedder.EclipseLogger - Copying 24 resources
2019-05-27 08:37:13,519 [Worker-7] INFO  o.e.m.c.i.embedder.EclipseLogger - Using 'UTF-8' encoding to copy filtered resources.
2019-05-27 08:37:13,521 [Worker-7] INFO  o.e.m.c.i.embedder.EclipseLogger - skip non existing resourceDirectory /Users/wuduan/electric_map/mobile-commutercar-query/src/test/resources
2019-05-27 08:37:15,859 [Worker-7] INFO  o.e.m.c.i.embedder.EclipseLogger - Using 'UTF-8' encoding to copy filtered resources.
2019-05-27 08:37:15,862 [Worker-7] INFO  o.e.m.c.i.embedder.EclipseLogger - Copying 39 resources
2019-05-27 08:37:15,866 [Worker-7] INFO  o.e.m.c.i.embedder.EclipseLogger - Using 'UTF-8' encoding to copy filtered resources.
2019-05-27 08:37:15,869 [Worker-7] INFO  o.e.m.c.i.embedder.EclipseLogger - skip non existing resourceDirectory /Users/wuduan/electric_map/mobile-elemap/src/test/resources
2019-05-27 08:37:16,985 [Worker-7] INFO  o.e.m.c.i.embedder.EclipseLogger - Using 'UTF-8' encoding to copy filtered resources.
2019-05-27 08:37:17,037 [Worker-7] INFO  o.e.m.c.i.embedder.EclipseLogger - Copying 22 resources
2019-05-27 08:37:17,041 [Worker-7] INFO  o.e.m.c.i.embedder.EclipseLogger - Using 'UTF-8' encoding to copy filtered resources.
2019-05-27 08:37:17,043 [Worker-7] INFO  o.e.m.c.i.embedder.EclipseLogger - skip non existing resourceDirectory /Users/wuduan/electric_map/mobile-pipeline-inspection/src/test/resources
2019-05-27 08:37:19,073 [Worker-7] INFO  o.e.m.c.i.embedder.EclipseLogger - Using 'UTF-8' encoding to copy filtered resources.
2019-05-27 08:37:19,074 [Worker-7] INFO  o.e.m.c.i.embedder.EclipseLogger - Copying 38 resources
2019-05-27 08:37:19,078 [Worker-7] INFO  o.e.m.c.i.embedder.EclipseLogger - Using 'UTF-8' encoding to copy filtered resources.
2019-05-27 08:37:19,080 [Worker-7] INFO  o.e.m.c.i.embedder.EclipseLogger - skip non existing resourceDirectory /Users/wuduan/electric_map/vehicle-positioning/src/test/resources
2019-05-27 08:47:38,340 [Worker-12] INFO  o.e.m.c.i.embedder.EclipseLogger - Using 'UTF-8' encoding to copy filtered resources.
2019-05-27 08:47:38,361 [Worker-12] INFO  o.e.m.c.i.embedder.EclipseLogger - skip non existing resourceDirectory /Users/wuduan/server/modules/emm-core/src/main/resources
2019-05-27 08:47:38,362 [Worker-12] INFO  o.e.m.c.i.embedder.EclipseLogger - skip non existing resourceDirectory /Users/wuduan/server/modules/emm-core/src/main/resources
2019-05-27 08:47:38,366 [Worker-12] INFO  o.e.m.c.i.embedder.EclipseLogger - Using 'UTF-8' encoding to copy filtered resources.
2019-05-27 08:47:38,366 [Worker-12] INFO  o.e.m.c.i.embedder.EclipseLogger - skip non existing resourceDirectory /Users/wuduan/server/modules/emm-core/src/test/resources
2019-05-27 08:47:44,347 [Worker-12] INFO  o.e.m.c.i.embedder.EclipseLogger - Using 'UTF-8' encoding to copy filtered resources.
2019-05-27 08:47:44,379 [Worker-12] INFO  o.e.m.c.i.embedder.EclipseLogger - Copying 2 resources
2019-05-27 08:47:44,453 [Worker-12] INFO  o.e.m.c.i.embedder.EclipseLogger - Copying 595 resources
2019-05-27 08:47:44,506 [Worker-12] INFO  o.e.m.c.i.embedder.EclipseLogger - Using 'UTF-8' encoding to copy filtered resources.
2019-05-27 08:47:44,507 [Worker-12] INFO  o.e.m.c.i.embedder.EclipseLogger - skip non existing resourceDirectory /Users/wuduan/server/emm-ui/src/test/resources
2019-05-27 08:47:48,208 [Worker-11] INFO  o.e.m.c.i.embedder.EclipseLogger - Using 'UTF-8' encoding to copy filtered resources.
2019-05-27 08:47:48,210 [Worker-11] INFO  o.e.m.c.i.embedder.EclipseLogger - skip non existing resourceDirectory /Users/wuduan/server/modules/emm-user/src/main/resources
2019-05-27 08:47:48,210 [Worker-11] INFO  o.e.m.c.i.embedder.EclipseLogger - skip non existing resourceDirectory /Users/wuduan/server/modules/emm-user/src/main/resources
2019-05-27 08:47:48,214 [Worker-11] INFO  o.e.m.c.i.embedder.EclipseLogger - Using 'UTF-8' encoding to copy filtered resources.
2019-05-27 08:47:48,214 [Worker-11] INFO  o.e.m.c.i.embedder.EclipseLogger - skip non existing resourceDirectory /Users/wuduan/server/modules/emm-user/src/test/resources
2019-05-27 08:47:49,806 [Worker-11] WARN  o.e.m.c.i.embedder.EclipseLogger - The POM for com.dacas.enterprise:push-server-sdk:jar:1.0 is missing, no dependency information available
2019-05-27 08:47:50,152 [Worker-11] INFO  o.e.m.c.i.embedder.EclipseLogger - Using 'UTF-8' encoding to copy filtered resources.
2019-05-27 08:47:50,153 [Worker-11] INFO  o.e.m.c.i.embedder.EclipseLogger - Copying 2 resources
2019-05-27 08:47:50,160 [Worker-11] INFO  o.e.m.c.i.embedder.EclipseLogger - Copying 2 resources
2019-05-27 08:47:50,164 [Worker-11] INFO  o.e.m.c.i.embedder.EclipseLogger - Using 'UTF-8' encoding to copy filtered resources.
2019-05-27 08:47:50,164 [Worker-11] INFO  o.e.m.c.i.embedder.EclipseLogger - skip non existing resourceDirectory /Users/wuduan/server/emm-microservice/src/test/resources
2019-05-27 08:47:51,502 [Worker-11] INFO  o.e.m.c.i.embedder.EclipseLogger - Using 'UTF-8' encoding to copy filtered resources.
2019-05-27 08:47:51,502 [Worker-11] INFO  o.e.m.c.i.embedder.EclipseLogger - Copying 2 resources
2019-05-27 08:47:51,510 [Worker-11] INFO  o.e.m.c.i.embedder.EclipseLogger - Copying 4 resources
2019-05-27 08:47:51,516 [Worker-11] INFO  o.e.m.c.i.embedder.EclipseLogger - Using 'UTF-8' encoding to copy filtered resources.
2019-05-27 08:47:51,516 [Worker-11] INFO  o.e.m.c.i.embedder.EclipseLogger - skip non existing resourceDirectory /Users/wuduan/server/emm-auth-server/src/test/resources
2019-05-27 08:47:58,390 [Worker-9] INFO  o.e.m.c.i.embedder.EclipseLogger - Using 'UTF-8' encoding to copy filtered resources.
2019-05-27 08:47:58,394 [Worker-9] INFO  o.e.m.c.i.embedder.EclipseLogger - Copying 24 resources
2019-05-27 08:47:58,423 [Worker-9] INFO  o.e.m.c.i.embedder.EclipseLogger - Using 'UTF-8' encoding to copy filtered resources.
2019-05-27 08:47:58,425 [Worker-9] INFO  o.e.m.c.i.embedder.EclipseLogger - skip non existing resourceDirectory /Users/wuduan/electric_map/mobile-commutercar-query/src/test/resources
2019-05-27 08:48:03,258 [Worker-9] INFO  o.e.m.c.i.embedder.EclipseLogger - Using 'UTF-8' encoding to copy filtered resources.
2019-05-27 08:48:03,259 [Worker-9] INFO  o.e.m.c.i.embedder.EclipseLogger - Copying 39 resources
2019-05-27 08:48:03,264 [Worker-9] INFO  o.e.m.c.i.embedder.EclipseLogger - Using 'UTF-8' encoding to copy filtered resources.
2019-05-27 08:48:03,268 [Worker-9] INFO  o.e.m.c.i.embedder.EclipseLogger - skip non existing resourceDirectory /Users/wuduan/electric_map/mobile-elemap/src/test/resources
2019-05-27 08:48:05,604 [Worker-9] INFO  o.e.m.c.i.embedder.EclipseLogger - Using 'UTF-8' encoding to copy filtered resources.
2019-05-27 08:48:05,607 [Worker-9] INFO  o.e.m.c.i.embedder.EclipseLogger - Copying 22 resources
2019-05-27 08:48:05,614 [Worker-9] INFO  o.e.m.c.i.embedder.EclipseLogger - Using 'UTF-8' encoding to copy filtered resources.
2019-05-27 08:48:05,616 [Worker-9] INFO  o.e.m.c.i.embedder.EclipseLogger - skip non existing resourceDirectory /Users/wuduan/electric_map/mobile-pipeline-inspection/src/test/resources
2019-05-27 08:48:10,302 [Worker-9] INFO  o.e.m.c.i.embedder.EclipseLogger - Using 'UTF-8' encoding to copy filtered resources.
2019-05-27 08:48:10,303 [Worker-9] INFO  o.e.m.c.i.embedder.EclipseLogger - Copying 38 resources
2019-05-27 08:48:10,309 [Worker-9] INFO  o.e.m.c.i.embedder.EclipseLogger - Using 'UTF-8' encoding to copy filtered resources.
2019-05-27 08:48:10,341 [Worker-9] INFO  o.e.m.c.i.embedder.EclipseLogger - skip non existing resourceDirectory /Users/wuduan/electric_map/vehicle-positioning/src/test/resources
2019-05-28 08:20:53,975 [Worker-17] INFO  o.e.m.c.i.embedder.EclipseLogger - Using 'UTF-8' encoding to copy filtered resources.
2019-05-28 08:20:53,995 [Worker-17] INFO  o.e.m.c.i.embedder.EclipseLogger - skip non existing resourceDirectory /Users/wuduan/server/modules/emm-core/src/main/resources
2019-05-28 08:20:53,995 [Worker-17] INFO  o.e.m.c.i.embedder.EclipseLogger - skip non existing resourceDirectory /Users/wuduan/server/modules/emm-core/src/main/resources
2019-05-28 08:20:54,001 [Worker-17] INFO  o.e.m.c.i.embedder.EclipseLogger - Using 'UTF-8' encoding to copy filtered resources.
2019-05-28 08:20:54,002 [Worker-17] INFO  o.e.m.c.i.embedder.EclipseLogger - skip non existing resourceDirectory /Users/wuduan/server/modules/emm-core/src/test/resources
2019-05-28 08:20:58,653 [Worker-17] INFO  o.e.m.c.i.embedder.EclipseLogger - Using 'UTF-8' encoding to copy filtered resources.
2019-05-28 08:20:58,673 [Worker-17] INFO  o.e.m.c.i.embedder.EclipseLogger - Copying 2 resources
2019-05-28 08:20:58,726 [Worker-17] INFO  o.e.m.c.i.embedder.EclipseLogger - Copying 595 resources
2019-05-28 08:20:59,052 [Worker-17] INFO  o.e.m.c.i.embedder.EclipseLogger - Using 'UTF-8' encoding to copy filtered resources.
2019-05-28 08:20:59,052 [Worker-17] INFO  o.e.m.c.i.embedder.EclipseLogger - skip non existing resourceDirectory /Users/wuduan/server/emm-ui/src/test/resources
2019-05-28 08:21:01,721 [Worker-21] INFO  o.e.m.c.i.embedder.EclipseLogger - Using 'UTF-8' encoding to copy filtered resources.
2019-05-28 08:21:01,724 [Worker-21] INFO  o.e.m.c.i.embedder.EclipseLogger - skip non existing resourceDirectory /Users/wuduan/server/modules/emm-user/src/main/resources
2019-05-28 08:21:01,725 [Worker-21] INFO  o.e.m.c.i.embedder.EclipseLogger - skip non existing resourceDirectory /Users/wuduan/server/modules/emm-user/src/main/resources
2019-05-28 08:21:01,728 [Worker-21] INFO  o.e.m.c.i.embedder.EclipseLogger - Using 'UTF-8' encoding to copy filtered resources.
2019-05-28 08:21:01,728 [Worker-21] INFO  o.e.m.c.i.embedder.EclipseLogger - skip non existing resourceDirectory /Users/wuduan/server/modules/emm-user/src/test/resources
2019-05-28 08:21:03,335 [Worker-21] WARN  o.e.m.c.i.embedder.EclipseLogger - The POM for com.dacas.enterprise:push-server-sdk:jar:1.0 is missing, no dependency information available
2019-05-28 08:21:03,687 [Worker-21] INFO  o.e.m.c.i.embedder.EclipseLogger - Using 'UTF-8' encoding to copy filtered resources.
2019-05-28 08:21:03,687 [Worker-21] INFO  o.e.m.c.i.embedder.EclipseLogger - Copying 2 resources
2019-05-28 08:21:04,455 [Worker-21] INFO  o.e.m.c.i.embedder.EclipseLogger - Copying 2 resources
2019-05-28 08:21:04,459 [Worker-21] INFO  o.e.m.c.i.embedder.EclipseLogger - Using 'UTF-8' encoding to copy filtered resources.
2019-05-28 08:21:04,460 [Worker-21] INFO  o.e.m.c.i.embedder.EclipseLogger - skip non existing resourceDirectory /Users/wuduan/server/emm-microservice/src/test/resources
2019-05-28 08:21:05,198 [Worker-21] INFO  o.e.m.c.i.embedder.EclipseLogger - Using 'UTF-8' encoding to copy filtered resources.
2019-05-28 08:21:05,201 [Worker-21] INFO  o.e.m.c.i.embedder.EclipseLogger - Copying 2 resources
2019-05-28 08:21:05,212 [Worker-21] INFO  o.e.m.c.i.embedder.EclipseLogger - Copying 4 resources
2019-05-28 08:21:05,216 [Worker-21] INFO  o.e.m.c.i.embedder.EclipseLogger - Using 'UTF-8' encoding to copy filtered resources.
2019-05-28 08:21:05,217 [Worker-21] INFO  o.e.m.c.i.embedder.EclipseLogger - skip non existing resourceDirectory /Users/wuduan/server/emm-auth-server/src/test/resources
2019-05-28 08:21:08,935 [Worker-21] INFO  o.e.m.c.i.embedder.EclipseLogger - Using 'UTF-8' encoding to copy filtered resources.
2019-05-28 08:21:08,938 [Worker-21] INFO  o.e.m.c.i.embedder.EclipseLogger - Copying 24 resources
2019-05-28 08:21:08,962 [Worker-21] INFO  o.e.m.c.i.embedder.EclipseLogger - Using 'UTF-8' encoding to copy filtered resources.
2019-05-28 08:21:08,963 [Worker-21] INFO  o.e.m.c.i.embedder.EclipseLogger - skip non existing resourceDirectory /Users/wuduan/electric_map/mobile-commutercar-query/src/test/resources
2019-05-28 08:21:11,168 [Worker-21] INFO  o.e.m.c.i.embedder.EclipseLogger - Using 'UTF-8' encoding to copy filtered resources.
2019-05-28 08:21:11,170 [Worker-21] INFO  o.e.m.c.i.embedder.EclipseLogger - Copying 39 resources
2019-05-28 08:21:11,186 [Worker-21] INFO  o.e.m.c.i.embedder.EclipseLogger - Using 'UTF-8' encoding to copy filtered resources.
2019-05-28 08:21:11,186 [Worker-21] INFO  o.e.m.c.i.embedder.EclipseLogger - skip non existing resourceDirectory /Users/wuduan/electric_map/mobile-elemap/src/test/resources
2019-05-28 08:21:12,361 [Worker-21] INFO  o.e.m.c.i.embedder.EclipseLogger - Using 'UTF-8' encoding to copy filtered resources.
2019-05-28 08:21:12,363 [Worker-21] INFO  o.e.m.c.i.embedder.EclipseLogger - Copying 22 resources
2019-05-28 08:21:12,372 [Worker-21] INFO  o.e.m.c.i.embedder.EclipseLogger - Using 'UTF-8' encoding to copy filtered resources.
2019-05-28 08:21:12,372 [Worker-21] INFO  o.e.m.c.i.embedder.EclipseLogger - skip non existing resourceDirectory /Users/wuduan/electric_map/mobile-pipeline-inspection/src/test/resources
2019-05-28 08:21:14,500 [Worker-21] INFO  o.e.m.c.i.embedder.EclipseLogger - Using 'UTF-8' encoding to copy filtered resources.
2019-05-28 08:21:14,501 [Worker-21] INFO  o.e.m.c.i.embedder.EclipseLogger - Copying 38 resources
2019-05-28 08:21:14,513 [Worker-21] INFO  o.e.m.c.i.embedder.EclipseLogger - Using 'UTF-8' encoding to copy filtered resources.
2019-05-28 08:21:14,514 [Worker-21] INFO  o.e.m.c.i.embedder.EclipseLogger - skip non existing resourceDirectory /Users/wuduan/electric_map/vehicle-positioning/src/test/resources
2019-05-29 08:20:58,233 [Worker-3] INFO  o.e.m.c.i.embedder.EclipseLogger - Using 'UTF-8' encoding to copy filtered resources.
2019-05-29 08:20:58,254 [Worker-3] INFO  o.e.m.c.i.embedder.EclipseLogger - skip non existing resourceDirectory /Users/wuduan/server/modules/emm-core/src/main/resources
2019-05-29 08:20:58,255 [Worker-3] INFO  o.e.m.c.i.embedder.EclipseLogger - skip non existing resourceDirectory /Users/wuduan/server/modules/emm-core/src/main/resources
2019-05-29 08:20:58,259 [Worker-3] INFO  o.e.m.c.i.embedder.EclipseLogger - Using 'UTF-8' encoding to copy filtered resources.
2019-05-29 08:20:58,260 [Worker-3] INFO  o.e.m.c.i.embedder.EclipseLogger - skip non existing resourceDirectory /Users/wuduan/server/modules/emm-core/src/test/resources
2019-05-29 08:21:03,801 [Worker-3] INFO  o.e.m.c.i.embedder.EclipseLogger - Using 'UTF-8' encoding to copy filtered resources.
2019-05-29 08:21:03,828 [Worker-3] INFO  o.e.m.c.i.embedder.EclipseLogger - Copying 2 resources
2019-05-29 08:21:03,896 [Worker-3] INFO  o.e.m.c.i.embedder.EclipseLogger - Copying 595 resources
2019-05-29 08:21:04,198 [Worker-3] INFO  o.e.m.c.i.embedder.EclipseLogger - Using 'UTF-8' encoding to copy filtered resources.
2019-05-29 08:21:04,219 [Worker-3] INFO  o.e.m.c.i.embedder.EclipseLogger - skip non existing resourceDirectory /Users/wuduan/server/emm-ui/src/test/resources
2019-05-29 08:21:07,100 [Worker-19] INFO  o.e.m.c.i.embedder.EclipseLogger - Using 'UTF-8' encoding to copy filtered resources.
2019-05-29 08:21:07,104 [Worker-19] INFO  o.e.m.c.i.embedder.EclipseLogger - skip non existing resourceDirectory /Users/wuduan/server/modules/emm-user/src/main/resources
2019-05-29 08:21:07,105 [Worker-19] INFO  o.e.m.c.i.embedder.EclipseLogger - skip non existing resourceDirectory /Users/wuduan/server/modules/emm-user/src/main/resources
2019-05-29 08:21:07,108 [Worker-19] INFO  o.e.m.c.i.embedder.EclipseLogger - Using 'UTF-8' encoding to copy filtered resources.
2019-05-29 08:21:07,108 [Worker-19] INFO  o.e.m.c.i.embedder.EclipseLogger - skip non existing resourceDirectory /Users/wuduan/server/modules/emm-user/src/test/resources
2019-05-29 08:21:08,424 [Worker-19] WARN  o.e.m.c.i.embedder.EclipseLogger - The POM for com.dacas.enterprise:push-server-sdk:jar:1.0 is missing, no dependency information available
2019-05-29 08:21:08,728 [Worker-19] INFO  o.e.m.c.i.embedder.EclipseLogger - Using 'UTF-8' encoding to copy filtered resources.
2019-05-29 08:21:08,730 [Worker-19] INFO  o.e.m.c.i.embedder.EclipseLogger - Copying 2 resources
2019-05-29 08:21:08,739 [Worker-19] INFO  o.e.m.c.i.embedder.EclipseLogger - Copying 2 resources
2019-05-29 08:21:08,743 [Worker-19] INFO  o.e.m.c.i.embedder.EclipseLogger - Using 'UTF-8' encoding to copy filtered resources.
2019-05-29 08:21:08,743 [Worker-19] INFO  o.e.m.c.i.embedder.EclipseLogger - skip non existing resourceDirectory /Users/wuduan/server/emm-microservice/src/test/resources
2019-05-29 08:21:09,763 [Worker-19] INFO  o.e.m.c.i.embedder.EclipseLogger - Using 'UTF-8' encoding to copy filtered resources.
2019-05-29 08:21:09,763 [Worker-19] INFO  o.e.m.c.i.embedder.EclipseLogger - Copying 2 resources
2019-05-29 08:21:09,770 [Worker-19] INFO  o.e.m.c.i.embedder.EclipseLogger - Copying 4 resources
2019-05-29 08:21:09,776 [Worker-19] INFO  o.e.m.c.i.embedder.EclipseLogger - Using 'UTF-8' encoding to copy filtered resources.
2019-05-29 08:21:09,776 [Worker-19] INFO  o.e.m.c.i.embedder.EclipseLogger - skip non existing resourceDirectory /Users/wuduan/server/emm-auth-server/src/test/resources
2019-05-29 08:21:13,599 [Worker-19] INFO  o.e.m.c.i.embedder.EclipseLogger - Using 'UTF-8' encoding to copy filtered resources.
2019-05-29 08:21:13,600 [Worker-19] INFO  o.e.m.c.i.embedder.EclipseLogger - Copying 24 resources
2019-05-29 08:21:13,621 [Worker-19] INFO  o.e.m.c.i.embedder.EclipseLogger - Using 'UTF-8' encoding to copy filtered resources.
2019-05-29 08:21:13,622 [Worker-19] INFO  o.e.m.c.i.embedder.EclipseLogger - skip non existing resourceDirectory /Users/wuduan/electric_map/mobile-commutercar-query/src/test/resources
2019-05-29 08:21:16,028 [Worker-19] INFO  o.e.m.c.i.embedder.EclipseLogger - Using 'UTF-8' encoding to copy filtered resources.
2019-05-29 08:21:16,028 [Worker-19] INFO  o.e.m.c.i.embedder.EclipseLogger - Copying 39 resources
2019-05-29 08:21:16,044 [Worker-19] INFO  o.e.m.c.i.embedder.EclipseLogger - Using 'UTF-8' encoding to copy filtered resources.
2019-05-29 08:21:16,044 [Worker-19] INFO  o.e.m.c.i.embedder.EclipseLogger - skip non existing resourceDirectory /Users/wuduan/electric_map/mobile-elemap/src/test/resources
2019-05-29 08:21:17,458 [Worker-19] INFO  o.e.m.c.i.embedder.EclipseLogger - Using 'UTF-8' encoding to copy filtered resources.
2019-05-29 08:21:17,459 [Worker-19] INFO  o.e.m.c.i.embedder.EclipseLogger - Copying 22 resources
2019-05-29 08:21:17,469 [Worker-19] INFO  o.e.m.c.i.embedder.EclipseLogger - Using 'UTF-8' encoding to copy filtered resources.
2019-05-29 08:21:17,469 [Worker-19] INFO  o.e.m.c.i.embedder.EclipseLogger - skip non existing resourceDirectory /Users/wuduan/electric_map/mobile-pipeline-inspection/src/test/resources
2019-05-29 08:21:19,290 [Worker-19] INFO  o.e.m.c.i.embedder.EclipseLogger - Using 'UTF-8' encoding to copy filtered resources.
2019-05-29 08:21:19,291 [Worker-19] INFO  o.e.m.c.i.embedder.EclipseLogger - Copying 38 resources
2019-05-29 08:21:19,303 [Worker-19] INFO  o.e.m.c.i.embedder.EclipseLogger - Using 'UTF-8' encoding to copy filtered resources.
2019-05-29 08:21:19,304 [Worker-19] INFO  o.e.m.c.i.embedder.EclipseLogger - skip non existing resourceDirectory /Users/wuduan/electric_map/vehicle-positioning/src/test/resources
2019-05-30 08:26:19,935 [Worker-8] INFO  o.e.m.c.i.embedder.EclipseLogger - Using 'UTF-8' encoding to copy filtered resources.
2019-05-30 08:26:19,952 [Worker-8] INFO  o.e.m.c.i.embedder.EclipseLogger - skip non existing resourceDirectory /Users/wuduan/server/modules/emm-core/src/main/resources
2019-05-30 08:26:19,952 [Worker-8] INFO  o.e.m.c.i.embedder.EclipseLogger - skip non existing resourceDirectory /Users/wuduan/server/modules/emm-core/src/main/resources
2019-05-30 08:26:19,955 [Worker-8] INFO  o.e.m.c.i.embedder.EclipseLogger - Using 'UTF-8' encoding to copy filtered resources.
2019-05-30 08:26:19,956 [Worker-8] INFO  o.e.m.c.i.embedder.EclipseLogger - skip non existing resourceDirectory /Users/wuduan/server/modules/emm-core/src/test/resources
2019-05-30 08:26:26,267 [Worker-8] INFO  o.e.m.c.i.embedder.EclipseLogger - Using 'UTF-8' encoding to copy filtered resources.
2019-05-30 08:26:26,297 [Worker-8] INFO  o.e.m.c.i.embedder.EclipseLogger - Copying 2 resources
2019-05-30 08:26:26,348 [Worker-8] INFO  o.e.m.c.i.embedder.EclipseLogger - Copying 595 resources
2019-05-30 08:26:26,657 [Worker-8] INFO  o.e.m.c.i.embedder.EclipseLogger - Using 'UTF-8' encoding to copy filtered resources.
2019-05-30 08:26:26,658 [Worker-8] INFO  o.e.m.c.i.embedder.EclipseLogger - skip non existing resourceDirectory /Users/wuduan/server/emm-ui/src/test/resources
2019-05-30 08:26:29,776 [Worker-17] INFO  o.e.m.c.i.embedder.EclipseLogger - Using 'UTF-8' encoding to copy filtered resources.
2019-05-30 08:26:29,779 [Worker-17] INFO  o.e.m.c.i.embedder.EclipseLogger - skip non existing resourceDirectory /Users/wuduan/server/modules/emm-user/src/main/resources
2019-05-30 08:26:29,779 [Worker-17] INFO  o.e.m.c.i.embedder.EclipseLogger - skip non existing resourceDirectory /Users/wuduan/server/modules/emm-user/src/main/resources
2019-05-30 08:26:29,784 [Worker-17] INFO  o.e.m.c.i.embedder.EclipseLogger - Using 'UTF-8' encoding to copy filtered resources.
2019-05-30 08:26:29,785 [Worker-17] INFO  o.e.m.c.i.embedder.EclipseLogger - skip non existing resourceDirectory /Users/wuduan/server/modules/emm-user/src/test/resources
2019-05-30 08:26:31,029 [Worker-17] WARN  o.e.m.c.i.embedder.EclipseLogger - The POM for com.dacas.enterprise:push-server-sdk:jar:1.0 is missing, no dependency information available
2019-05-30 08:26:31,313 [Worker-17] INFO  o.e.m.c.i.embedder.EclipseLogger - Using 'UTF-8' encoding to copy filtered resources.
2019-05-30 08:26:31,314 [Worker-17] INFO  o.e.m.c.i.embedder.EclipseLogger - Copying 2 resources
2019-05-30 08:26:31,322 [Worker-17] INFO  o.e.m.c.i.embedder.EclipseLogger - Copying 2 resources
2019-05-30 08:26:31,326 [Worker-17] INFO  o.e.m.c.i.embedder.EclipseLogger - Using 'UTF-8' encoding to copy filtered resources.
2019-05-30 08:26:31,326 [Worker-17] INFO  o.e.m.c.i.embedder.EclipseLogger - skip non existing resourceDirectory /Users/wuduan/server/emm-microservice/src/test/resources
2019-05-30 08:26:32,042 [Worker-17] INFO  o.e.m.c.i.embedder.EclipseLogger - Using 'UTF-8' encoding to copy filtered resources.
2019-05-30 08:26:32,042 [Worker-17] INFO  o.e.m.c.i.embedder.EclipseLogger - Copying 2 resources
2019-05-30 08:26:32,050 [Worker-17] INFO  o.e.m.c.i.embedder.EclipseLogger - Copying 4 resources
2019-05-30 08:26:32,054 [Worker-17] INFO  o.e.m.c.i.embedder.EclipseLogger - Using 'UTF-8' encoding to copy filtered resources.
2019-05-30 08:26:32,054 [Worker-17] INFO  o.e.m.c.i.embedder.EclipseLogger - skip non existing resourceDirectory /Users/wuduan/server/emm-auth-server/src/test/resources
2019-05-30 08:26:36,071 [Worker-17] INFO  o.e.m.c.i.embedder.EclipseLogger - Using 'UTF-8' encoding to copy filtered resources.
2019-05-30 08:26:36,074 [Worker-17] INFO  o.e.m.c.i.embedder.EclipseLogger - Copying 24 resources
2019-05-30 08:26:36,099 [Worker-17] INFO  o.e.m.c.i.embedder.EclipseLogger - Using 'UTF-8' encoding to copy filtered resources.
2019-05-30 08:26:36,099 [Worker-17] INFO  o.e.m.c.i.embedder.EclipseLogger - skip non existing resourceDirectory /Users/wuduan/electric_map/mobile-commutercar-query/src/test/resources
2019-05-30 08:26:38,329 [Worker-17] INFO  o.e.m.c.i.embedder.EclipseLogger - Using 'UTF-8' encoding to copy filtered resources.
2019-05-30 08:26:38,330 [Worker-17] INFO  o.e.m.c.i.embedder.EclipseLogger - Copying 39 resources
2019-05-30 08:26:38,347 [Worker-17] INFO  o.e.m.c.i.embedder.EclipseLogger - Using 'UTF-8' encoding to copy filtered resources.
2019-05-30 08:26:38,348 [Worker-17] INFO  o.e.m.c.i.embedder.EclipseLogger - skip non existing resourceDirectory /Users/wuduan/electric_map/mobile-elemap/src/test/resources
2019-05-30 08:26:39,891 [Worker-17] INFO  o.e.m.c.i.embedder.EclipseLogger - Using 'UTF-8' encoding to copy filtered resources.
2019-05-30 08:26:39,892 [Worker-17] INFO  o.e.m.c.i.embedder.EclipseLogger - Copying 22 resources
2019-05-30 08:26:39,906 [Worker-17] INFO  o.e.m.c.i.embedder.EclipseLogger - Using 'UTF-8' encoding to copy filtered resources.
2019-05-30 08:26:39,907 [Worker-17] INFO  o.e.m.c.i.embedder.EclipseLogger - skip non existing resourceDirectory /Users/wuduan/electric_map/mobile-pipeline-inspection/src/test/resources
2019-05-30 08:26:42,261 [Worker-17] INFO  o.e.m.c.i.embedder.EclipseLogger - Using 'UTF-8' encoding to copy filtered resources.
2019-05-30 08:26:42,262 [Worker-17] INFO  o.e.m.c.i.embedder.EclipseLogger - Copying 38 resources
2019-05-30 08:26:42,280 [Worker-17] INFO  o.e.m.c.i.embedder.EclipseLogger - Using 'UTF-8' encoding to copy filtered resources.
2019-05-30 08:26:42,280 [Worker-17] INFO  o.e.m.c.i.embedder.EclipseLogger - skip non existing resourceDirectory /Users/wuduan/electric_map/vehicle-positioning/src/test/resources
2019-05-31 07:57:16,718 [Worker-4] INFO  o.e.m.c.i.embedder.EclipseLogger - Using 'UTF-8' encoding to copy filtered resources.
2019-05-31 07:57:16,737 [Worker-4] INFO  o.e.m.c.i.embedder.EclipseLogger - skip non existing resourceDirectory /Users/wuduan/server/modules/emm-core/src/main/resources
2019-05-31 07:57:16,738 [Worker-4] INFO  o.e.m.c.i.embedder.EclipseLogger - skip non existing resourceDirectory /Users/wuduan/server/modules/emm-core/src/main/resources
2019-05-31 07:57:16,743 [Worker-4] INFO  o.e.m.c.i.embedder.EclipseLogger - Using 'UTF-8' encoding to copy filtered resources.
2019-05-31 07:57:16,744 [Worker-4] INFO  o.e.m.c.i.embedder.EclipseLogger - skip non existing resourceDirectory /Users/wuduan/server/modules/emm-core/src/test/resources
2019-05-31 07:57:22,432 [Worker-8] INFO  o.e.m.c.i.embedder.EclipseLogger - Using 'UTF-8' encoding to copy filtered resources.
2019-05-31 07:57:22,470 [Worker-8] INFO  o.e.m.c.i.embedder.EclipseLogger - Copying 2 resources
2019-05-31 07:57:22,564 [Worker-8] INFO  o.e.m.c.i.embedder.EclipseLogger - Copying 595 resources
2019-05-31 07:57:22,882 [Worker-8] INFO  o.e.m.c.i.embedder.EclipseLogger - Using 'UTF-8' encoding to copy filtered resources.
2019-05-31 07:57:22,883 [Worker-8] INFO  o.e.m.c.i.embedder.EclipseLogger - skip non existing resourceDirectory /Users/wuduan/server/emm-ui/src/test/resources
2019-05-31 07:57:25,779 [Worker-4] INFO  o.e.m.c.i.embedder.EclipseLogger - Using 'UTF-8' encoding to copy filtered resources.
2019-05-31 07:57:25,779 [Worker-4] INFO  o.e.m.c.i.embedder.EclipseLogger - skip non existing resourceDirectory /Users/wuduan/server/modules/emm-user/src/main/resources
2019-05-31 07:57:25,779 [Worker-4] INFO  o.e.m.c.i.embedder.EclipseLogger - skip non existing resourceDirectory /Users/wuduan/server/modules/emm-user/src/main/resources
2019-05-31 07:57:25,782 [Worker-4] INFO  o.e.m.c.i.embedder.EclipseLogger - Using 'UTF-8' encoding to copy filtered resources.
2019-05-31 07:57:25,782 [Worker-4] INFO  o.e.m.c.i.embedder.EclipseLogger - skip non existing resourceDirectory /Users/wuduan/server/modules/emm-user/src/test/resources
2019-05-31 07:57:27,087 [Worker-4] WARN  o.e.m.c.i.embedder.EclipseLogger - The POM for com.dacas.enterprise:push-server-sdk:jar:1.0 is missing, no dependency information available
2019-05-31 07:57:27,399 [Worker-4] INFO  o.e.m.c.i.embedder.EclipseLogger - Using 'UTF-8' encoding to copy filtered resources.
2019-05-31 07:57:27,400 [Worker-4] INFO  o.e.m.c.i.embedder.EclipseLogger - Copying 2 resources
2019-05-31 07:57:27,408 [Worker-4] INFO  o.e.m.c.i.embedder.EclipseLogger - Copying 2 resources
2019-05-31 07:57:27,411 [Worker-4] INFO  o.e.m.c.i.embedder.EclipseLogger - Using 'UTF-8' encoding to copy filtered resources.
2019-05-31 07:57:27,412 [Worker-4] INFO  o.e.m.c.i.embedder.EclipseLogger - skip non existing resourceDirectory /Users/wuduan/server/emm-microservice/src/test/resources
2019-05-31 07:57:28,177 [Worker-4] INFO  o.e.m.c.i.embedder.EclipseLogger - Using 'UTF-8' encoding to copy filtered resources.
2019-05-31 07:57:28,180 [Worker-4] INFO  o.e.m.c.i.embedder.EclipseLogger - Copying 2 resources
2019-05-31 07:57:28,185 [Worker-4] INFO  o.e.m.c.i.embedder.EclipseLogger - Copying 4 resources
2019-05-31 07:57:28,189 [Worker-4] INFO  o.e.m.c.i.embedder.EclipseLogger - Using 'UTF-8' encoding to copy filtered resources.
2019-05-31 07:57:28,189 [Worker-4] INFO  o.e.m.c.i.embedder.EclipseLogger - skip non existing resourceDirectory /Users/wuduan/server/emm-auth-server/src/test/resources
2019-05-31 07:57:32,531 [Worker-4] INFO  o.e.m.c.i.embedder.EclipseLogger - Using 'UTF-8' encoding to copy filtered resources.
2019-05-31 07:57:32,534 [Worker-4] INFO  o.e.m.c.i.embedder.EclipseLogger - Copying 24 resources
2019-05-31 07:57:32,560 [Worker-4] INFO  o.e.m.c.i.embedder.EclipseLogger - Using 'UTF-8' encoding to copy filtered resources.
2019-05-31 07:57:32,560 [Worker-4] INFO  o.e.m.c.i.embedder.EclipseLogger - skip non existing resourceDirectory /Users/wuduan/electric_map/mobile-commutercar-query/src/test/resources
2019-05-31 07:57:34,861 [Worker-4] INFO  o.e.m.c.i.embedder.EclipseLogger - Using 'UTF-8' encoding to copy filtered resources.
2019-05-31 07:57:34,862 [Worker-4] INFO  o.e.m.c.i.embedder.EclipseLogger - Copying 39 resources
2019-05-31 07:57:34,879 [Worker-4] INFO  o.e.m.c.i.embedder.EclipseLogger - Using 'UTF-8' encoding to copy filtered resources.
2019-05-31 07:57:34,880 [Worker-4] INFO  o.e.m.c.i.embedder.EclipseLogger - skip non existing resourceDirectory /Users/wuduan/electric_map/mobile-elemap/src/test/resources
2019-05-31 07:57:36,269 [Worker-4] INFO  o.e.m.c.i.embedder.EclipseLogger - Using 'UTF-8' encoding to copy filtered resources.
2019-05-31 07:57:36,270 [Worker-4] INFO  o.e.m.c.i.embedder.EclipseLogger - Copying 22 resources
2019-05-31 07:57:36,283 [Worker-4] INFO  o.e.m.c.i.embedder.EclipseLogger - Using 'UTF-8' encoding to copy filtered resources.
2019-05-31 07:57:36,283 [Worker-4] INFO  o.e.m.c.i.embedder.EclipseLogger - skip non existing resourceDirectory /Users/wuduan/electric_map/mobile-pipeline-inspection/src/test/resources
2019-05-31 07:57:39,830 [Worker-4] INFO  o.e.m.c.i.embedder.EclipseLogger - Using 'UTF-8' encoding to copy filtered resources.
2019-05-31 07:57:39,831 [Worker-4] INFO  o.e.m.c.i.embedder.EclipseLogger - Copying 38 resources
2019-05-31 07:57:39,848 [Worker-4] INFO  o.e.m.c.i.embedder.EclipseLogger - Using 'UTF-8' encoding to copy filtered resources.
2019-05-31 07:57:39,848 [Worker-4] INFO  o.e.m.c.i.embedder.EclipseLogger - skip non existing resourceDirectory /Users/wuduan/electric_map/vehicle-positioning/src/test/resources
2019-05-31 14:50:21,267 [Worker-10] INFO  o.e.m.c.i.embedder.EclipseLogger - Using 'UTF-8' encoding to copy filtered resources.
2019-05-31 14:50:21,281 [Worker-10] INFO  o.e.m.c.i.embedder.EclipseLogger - skip non existing resourceDirectory /Users/wuduan/server/modules/emm-core/src/main/resources
2019-05-31 14:50:21,281 [Worker-10] INFO  o.e.m.c.i.embedder.EclipseLogger - skip non existing resourceDirectory /Users/wuduan/server/modules/emm-core/src/main/resources
2019-05-31 14:50:21,286 [Worker-10] INFO  o.e.m.c.i.embedder.EclipseLogger - Using 'UTF-8' encoding to copy filtered resources.
2019-05-31 14:50:21,286 [Worker-10] INFO  o.e.m.c.i.embedder.EclipseLogger - skip non existing resourceDirectory /Users/wuduan/server/modules/emm-core/src/test/resources
2019-05-31 14:50:26,351 [Worker-10] INFO  o.e.m.c.i.embedder.EclipseLogger - Using 'UTF-8' encoding to copy filtered resources.
2019-05-31 14:50:26,377 [Worker-10] INFO  o.e.m.c.i.embedder.EclipseLogger - Copying 2 resources
2019-05-31 14:50:26,437 [Worker-10] INFO  o.e.m.c.i.embedder.EclipseLogger - Copying 595 resources
2019-05-31 14:50:26,467 [Worker-10] INFO  o.e.m.c.i.embedder.EclipseLogger - Using 'UTF-8' encoding to copy filtered resources.
2019-05-31 14:50:26,467 [Worker-10] INFO  o.e.m.c.i.embedder.EclipseLogger - skip non existing resourceDirectory /Users/wuduan/server/emm-ui/src/test/resources
2019-05-31 14:50:29,716 [Worker-2] INFO  o.e.m.c.i.embedder.EclipseLogger - Using 'UTF-8' encoding to copy filtered resources.
2019-05-31 14:50:29,721 [Worker-2] INFO  o.e.m.c.i.embedder.EclipseLogger - skip non existing resourceDirectory /Users/wuduan/server/modules/emm-user/src/main/resources
2019-05-31 14:50:29,722 [Worker-2] INFO  o.e.m.c.i.embedder.EclipseLogger - skip non existing resourceDirectory /Users/wuduan/server/modules/emm-user/src/main/resources
2019-05-31 14:50:29,727 [Worker-2] INFO  o.e.m.c.i.embedder.EclipseLogger - Using 'UTF-8' encoding to copy filtered resources.
2019-05-31 14:50:29,728 [Worker-2] INFO  o.e.m.c.i.embedder.EclipseLogger - skip non existing resourceDirectory /Users/wuduan/server/modules/emm-user/src/test/resources
2019-05-31 14:50:31,263 [Worker-2] WARN  o.e.m.c.i.embedder.EclipseLogger - The POM for com.dacas.enterprise:push-server-sdk:jar:1.0 is missing, no dependency information available
2019-05-31 14:50:31,575 [Worker-2] INFO  o.e.m.c.i.embedder.EclipseLogger - Using 'UTF-8' encoding to copy filtered resources.
2019-05-31 14:50:31,576 [Worker-2] INFO  o.e.m.c.i.embedder.EclipseLogger - Copying 2 resources
2019-05-31 14:50:31,591 [Worker-2] INFO  o.e.m.c.i.embedder.EclipseLogger - Copying 2 resources
2019-05-31 14:50:31,596 [Worker-2] INFO  o.e.m.c.i.embedder.EclipseLogger - Using 'UTF-8' encoding to copy filtered resources.
2019-05-31 14:50:31,597 [Worker-2] INFO  o.e.m.c.i.embedder.EclipseLogger - skip non existing resourceDirectory /Users/wuduan/server/emm-microservice/src/test/resources
2019-05-31 14:50:32,573 [Worker-2] INFO  o.e.m.c.i.embedder.EclipseLogger - Using 'UTF-8' encoding to copy filtered resources.
2019-05-31 14:50:32,573 [Worker-2] INFO  o.e.m.c.i.embedder.EclipseLogger - Copying 2 resources
2019-05-31 14:50:32,584 [Worker-2] INFO  o.e.m.c.i.embedder.EclipseLogger - Copying 4 resources
2019-05-31 14:50:32,587 [Worker-2] INFO  o.e.m.c.i.embedder.EclipseLogger - Using 'UTF-8' encoding to copy filtered resources.
2019-05-31 14:50:32,588 [Worker-2] INFO  o.e.m.c.i.embedder.EclipseLogger - skip non existing resourceDirectory /Users/wuduan/server/emm-auth-server/src/test/resources
2019-05-31 14:50:37,586 [Worker-5] INFO  o.e.m.c.i.embedder.EclipseLogger - Using 'UTF-8' encoding to copy filtered resources.
2019-05-31 14:50:37,590 [Worker-5] INFO  o.e.m.c.i.embedder.EclipseLogger - Copying 24 resources
2019-05-31 14:50:37,611 [Worker-5] INFO  o.e.m.c.i.embedder.EclipseLogger - Using 'UTF-8' encoding to copy filtered resources.
2019-05-31 14:50:37,613 [Worker-5] INFO  o.e.m.c.i.embedder.EclipseLogger - skip non existing resourceDirectory /Users/wuduan/electric_map/mobile-commutercar-query/src/test/resources
2019-05-31 14:50:41,002 [Worker-5] INFO  o.e.m.c.i.embedder.EclipseLogger - Using 'UTF-8' encoding to copy filtered resources.
2019-05-31 14:50:41,003 [Worker-5] INFO  o.e.m.c.i.embedder.EclipseLogger - Copying 39 resources
2019-05-31 14:50:41,097 [Worker-5] INFO  o.e.m.c.i.embedder.EclipseLogger - Using 'UTF-8' encoding to copy filtered resources.
2019-05-31 14:50:41,108 [Worker-5] INFO  o.e.m.c.i.embedder.EclipseLogger - skip non existing resourceDirectory /Users/wuduan/electric_map/mobile-elemap/src/test/resources
2019-05-31 14:50:43,443 [Worker-10] INFO  o.e.m.c.i.embedder.EclipseLogger - Using 'UTF-8' encoding to copy filtered resources.
2019-05-31 14:50:43,443 [Worker-10] INFO  o.e.m.c.i.embedder.EclipseLogger - Copying 22 resources
2019-05-31 14:50:43,447 [Worker-10] INFO  o.e.m.c.i.embedder.EclipseLogger - Using 'UTF-8' encoding to copy filtered resources.
2019-05-31 14:50:43,449 [Worker-10] INFO  o.e.m.c.i.embedder.EclipseLogger - skip non existing resourceDirectory /Users/wuduan/electric_map/mobile-pipeline-inspection/src/test/resources
2019-05-31 14:50:46,493 [Worker-10] INFO  o.e.m.c.i.embedder.EclipseLogger - Using 'UTF-8' encoding to copy filtered resources.
2019-05-31 14:50:46,496 [Worker-10] INFO  o.e.m.c.i.embedder.EclipseLogger - Copying 38 resources
2019-05-31 14:50:46,500 [Worker-10] INFO  o.e.m.c.i.embedder.EclipseLogger - Using 'UTF-8' encoding to copy filtered resources.
2019-05-31 14:50:46,504 [Worker-10] INFO  o.e.m.c.i.embedder.EclipseLogger - skip non existing resourceDirectory /Users/wuduan/electric_map/vehicle-positioning/src/test/resources
2019-05-31 15:09:33,173 [main] ERROR o.e.m.w.i.WTPResourcesContentProvider - Error getting pipelined children
org.eclipse.core.internal.resources.ResourceException: Resource '/sifangmro' does not exist.
	at org.eclipse.core.internal.resources.Resource.checkExists(Resource.java:334) ~[na:na]
	at org.eclipse.core.internal.resources.Resource.checkAccessible(Resource.java:208) ~[na:na]
	at org.eclipse.core.internal.resources.Project.checkAccessible(Project.java:140) ~[na:na]
	at org.eclipse.core.internal.resources.Project.hasNature(Project.java:526) ~[na:na]
	at org.eclipse.m2e.wtp.internal.WTPResourcesContentProvider.getPipelinedChildren(WTPResourcesContentProvider.java:74) ~[na:na]
	at org.eclipse.ui.internal.navigator.extensions.SafeDelegateTreeContentProvider.getPipelinedChildren(SafeDelegateTreeContentProvider.java:172) [org.eclipse.ui.navigator_3.6.0.v20150422-0725.jar:na]
	at org.eclipse.ui.internal.navigator.NavigatorContentServiceContentProvider.pipelineChildren(NavigatorContentServiceContentProvider.java:212) [org.eclipse.ui.navigator_3.6.0.v20150422-0725.jar:na]
	at org.eclipse.ui.internal.navigator.NavigatorContentServiceContentProvider.access$1(NavigatorContentServiceContentProvider.java:198) [org.eclipse.ui.navigator_3.6.0.v20150422-0725.jar:na]
	at org.eclipse.ui.internal.navigator.NavigatorContentServiceContentProvider$1.run(NavigatorContentServiceContentProvider.java:166) [org.eclipse.ui.navigator_3.6.0.v20150422-0725.jar:na]
	at org.eclipse.core.runtime.SafeRunner.run(SafeRunner.java:42) [org.eclipse.equinox.common_3.7.0.v20150402-1709.jar:na]
	at org.eclipse.ui.internal.navigator.NavigatorContentServiceContentProvider.internalGetChildren(NavigatorContentServiceContentProvider.java:143) [org.eclipse.ui.navigator_3.6.0.v20150422-0725.jar:na]
	at org.eclipse.ui.internal.navigator.NavigatorContentServiceContentProvider.getChildren(NavigatorContentServiceContentProvider.java:129) [org.eclipse.ui.navigator_3.6.0.v20150422-0725.jar:na]
	at org.eclipse.jface.viewers.AbstractTreeViewer.getRawChildren(AbstractTreeViewer.java:1365) [org.eclipse.jface_3.11.1.v20160128-1644.jar:na]
	at org.eclipse.jface.viewers.TreeViewer.getRawChildren(TreeViewer.java:353) [org.eclipse.jface_3.11.1.v20160128-1644.jar:na]
	at org.eclipse.jface.viewers.StructuredViewer.getFilteredChildren(StructuredViewer.java:906) [org.eclipse.jface_3.11.1.v20160128-1644.jar:na]
	at org.eclipse.jface.viewers.AbstractTreeViewer.getSortedChildren(AbstractTreeViewer.java:617) [org.eclipse.jface_3.11.1.v20160128-1644.jar:na]
	at org.eclipse.jface.viewers.AbstractTreeViewer$1.run(AbstractTreeViewer.java:813) [org.eclipse.jface_3.11.1.v20160128-1644.jar:na]
	at org.eclipse.swt.custom.BusyIndicator.showWhile(BusyIndicator.java:70) [org.eclipse.swt.cocoa.macosx.x86_64_3.104.2.v20160212-1350.jar:na]
	at org.eclipse.jface.viewers.AbstractTreeViewer.createChildren(AbstractTreeViewer.java:791) [org.eclipse.jface_3.11.1.v20160128-1644.jar:na]
	at org.eclipse.jface.viewers.TreeViewer.createChildren(TreeViewer.java:611) [org.eclipse.jface_3.11.1.v20160128-1644.jar:na]
	at org.eclipse.jface.viewers.AbstractTreeViewer.createChildren(AbstractTreeViewer.java:762) [org.eclipse.jface_3.11.1.v20160128-1644.jar:na]
	at org.eclipse.jface.viewers.AbstractTreeViewer.setExpandedState(AbstractTreeViewer.java:2500) [org.eclipse.jface_3.11.1.v20160128-1644.jar:na]
	at org.eclipse.wst.jsdt.internal.ui.navigator.OpenAndExpand.expand(OpenAndExpand.java:260) [org.eclipse.wst.jsdt.ui_1.1.601.v201512010225.jar:na]
	at org.eclipse.wst.jsdt.internal.ui.navigator.OpenAndExpand.run(OpenAndExpand.java:46) [org.eclipse.wst.jsdt.ui_1.1.601.v201512010225.jar:na]
	at org.eclipse.ui.actions.RetargetAction.run(RetargetAction.java:229) [org.eclipse.ui.workbench_3.107.1.v20160120-2131.jar:na]
	at org.eclipse.ui.navigator.CommonNavigatorManager$2.open(CommonNavigatorManager.java:191) [org.eclipse.ui.navigator_3.6.0.v20150422-0725.jar:na]
	at org.eclipse.ui.OpenAndLinkWithEditorHelper$InternalListener.open(OpenAndLinkWithEditorHelper.java:48) [org.eclipse.ui.workbench_3.107.1.v20160120-2131.jar:na]
	at org.eclipse.jface.viewers.StructuredViewer$2.run(StructuredViewer.java:854) [org.eclipse.jface_3.11.1.v20160128-1644.jar:na]
	at org.eclipse.core.runtime.SafeRunner.run(SafeRunner.java:42) [org.eclipse.equinox.common_3.7.0.v20150402-1709.jar:na]
	at org.eclipse.ui.internal.JFaceUtil$1.run(JFaceUtil.java:50) [org.eclipse.ui.workbench_3.107.1.v20160120-2131.jar:na]
	at org.eclipse.jface.util.SafeRunnable.run(SafeRunnable.java:173) [org.eclipse.jface_3.11.1.v20160128-1644.jar:na]
	at org.eclipse.jface.viewers.StructuredViewer.fireOpen(StructuredViewer.java:851) [org.eclipse.jface_3.11.1.v20160128-1644.jar:na]
	at org.eclipse.jface.viewers.StructuredViewer.handleOpen(StructuredViewer.java:1168) [org.eclipse.jface_3.11.1.v20160128-1644.jar:na]
	at org.eclipse.ui.navigator.CommonViewer.handleOpen(CommonViewer.java:449) [org.eclipse.ui.navigator_3.6.0.v20150422-0725.jar:na]
	at org.eclipse.jface.viewers.StructuredViewer$6.handleOpen(StructuredViewer.java:1275) [org.eclipse.jface_3.11.1.v20160128-1644.jar:na]
	at org.eclipse.jface.util.OpenStrategy.fireOpenEvent(OpenStrategy.java:278) [org.eclipse.jface_3.11.1.v20160128-1644.jar:na]
	at org.eclipse.jface.util.OpenStrategy.access$2(OpenStrategy.java:272) [org.eclipse.jface_3.11.1.v20160128-1644.jar:na]
	at org.eclipse.jface.util.OpenStrategy$1.handleEvent(OpenStrategy.java:313) [org.eclipse.jface_3.11.1.v20160128-1644.jar:na]
	at org.eclipse.swt.widgets.EventTable.sendEvent(EventTable.java:84) [org.eclipse.swt.cocoa.macosx.x86_64_3.104.2.v20160212-1350.jar:na]
	at org.eclipse.swt.widgets.Display.sendEvent(Display.java:4230) [org.eclipse.swt.cocoa.macosx.x86_64_3.104.2.v20160212-1350.jar:na]
	at org.eclipse.swt.widgets.Widget.sendEvent(Widget.java:1491) [org.eclipse.swt.cocoa.macosx.x86_64_3.104.2.v20160212-1350.jar:na]
	at org.eclipse.swt.widgets.Widget.sendEvent(Widget.java:1514) [org.eclipse.swt.cocoa.macosx.x86_64_3.104.2.v20160212-1350.jar:na]
	at org.eclipse.swt.widgets.Widget.sendEvent(Widget.java:1499) [org.eclipse.swt.cocoa.macosx.x86_64_3.104.2.v20160212-1350.jar:na]
	at org.eclipse.swt.widgets.Widget.notifyListeners(Widget.java:1299) [org.eclipse.swt.cocoa.macosx.x86_64_3.104.2.v20160212-1350.jar:na]
	at org.eclipse.swt.widgets.Display.runDeferredEvents(Display.java:4072) [org.eclipse.swt.cocoa.macosx.x86_64_3.104.2.v20160212-1350.jar:na]
	at org.eclipse.swt.widgets.Display.readAndDispatch(Display.java:3698) [org.eclipse.swt.cocoa.macosx.x86_64_3.104.2.v20160212-1350.jar:na]
	at org.eclipse.e4.ui.internal.workbench.swt.PartRenderingEngine$4.run(PartRenderingEngine.java:1127) [org.eclipse.e4.ui.workbench.swt_0.13.0.v20150504-0621.jar:na]
	at org.eclipse.core.databinding.observable.Realm.runWithDefault(Realm.java:337) [org.eclipse.core.databinding.observable_1.5.0.v20150422-0725.jar:na]
	at org.eclipse.e4.ui.internal.workbench.swt.PartRenderingEngine.run(PartRenderingEngine.java:1018) [org.eclipse.e4.ui.workbench.swt_0.13.0.v20150504-0621.jar:na]
	at org.eclipse.e4.ui.internal.workbench.E4Workbench.createAndRunUI(E4Workbench.java:156) [org.eclipse.e4.ui.workbench_1.3.1.v20160203-0951.jar:na]
	at org.eclipse.ui.internal.Workbench$5.run(Workbench.java:694) [org.eclipse.ui.workbench_3.107.1.v20160120-2131.jar:na]
	at org.eclipse.core.databinding.observable.Realm.runWithDefault(Realm.java:337) [org.eclipse.core.databinding.observable_1.5.0.v20150422-0725.jar:na]
	at org.eclipse.ui.internal.Workbench.createAndRunWorkbench(Workbench.java:606) [org.eclipse.ui.workbench_3.107.1.v20160120-2131.jar:na]
	at org.eclipse.ui.PlatformUI.createAndRunWorkbench(PlatformUI.java:150) [org.eclipse.ui.workbench_3.107.1.v20160120-2131.jar:na]
	at org.eclipse.ui.internal.ide.application.IDEApplication.start(IDEApplication.java:139) [org.eclipse.ui.ide.application_1.1.0.v20150422-0725.jar:na]
	at org.eclipse.equinox.internal.app.EclipseAppHandle.run(EclipseAppHandle.java:196) [org.eclipse.equinox.app_1.3.300.v20150423-1356.jar:na]
	at org.eclipse.core.runtime.internal.adaptor.EclipseAppLauncher.runApplication(EclipseAppLauncher.java:134) [org.eclipse.osgi_3.10.102.v20160118-1700.jar:na]
	at org.eclipse.core.runtime.internal.adaptor.EclipseAppLauncher.start(EclipseAppLauncher.java:104) [org.eclipse.osgi_3.10.102.v20160118-1700.jar:na]
	at org.eclipse.core.runtime.adaptor.EclipseStarter.run(EclipseStarter.java:380) [org.eclipse.osgi_3.10.102.v20160118-1700.jar:na]
	at org.eclipse.core.runtime.adaptor.EclipseStarter.run(EclipseStarter.java:235) [org.eclipse.osgi_3.10.102.v20160118-1700.jar:na]
	at sun.reflect.NativeMethodAccessorImpl.invoke0(Native Method) ~[na:1.8.0_40]
	at sun.reflect.NativeMethodAccessorImpl.invoke(NativeMethodAccessorImpl.java:62) ~[na:1.8.0_40]
	at sun.reflect.DelegatingMethodAccessorImpl.invoke(DelegatingMethodAccessorImpl.java:43) ~[na:1.8.0_40]
	at java.lang.reflect.Method.invoke(Method.java:497) ~[na:1.8.0_40]
	at org.eclipse.equinox.launcher.Main.invokeFramework(Main.java:669) [org.eclipse.equinox.launcher_1.3.100.v20150511-1540.jar:na]
	at org.eclipse.equinox.launcher.Main.basicRun(Main.java:608) [org.eclipse.equinox.launcher_1.3.100.v20150511-1540.jar:na]
	at org.eclipse.equinox.launcher.Main.run(Main.java:1515) [org.eclipse.equinox.launcher_1.3.100.v20150511-1540.jar:na]
2019-05-31 15:16:59,959 [Worker-16] INFO  o.e.m.c.i.embedder.EclipseLogger - Using 'UTF-8' encoding to copy filtered resources.
2019-05-31 15:16:59,985 [Worker-16] INFO  o.e.m.c.i.embedder.EclipseLogger - Copying 0 resource
2019-05-31 15:16:59,987 [Worker-16] INFO  o.e.m.c.i.embedder.EclipseLogger - Using 'UTF-8' encoding to copy filtered resources.
2019-05-31 15:16:59,987 [Worker-16] INFO  o.e.m.c.i.embedder.EclipseLogger - skip non existing resourceDirectory /Users/wuduan/electric_map/mobile-commutercar-query/src/test/resources
